<?xml version="1.0" encoding="UTF-8"?>
<!-- Generated by org.testng.reporters.JUnitXMLReporter -->
<testsuite ignored="0" hostname="LAPTOP-IDB23VB0" failures="1" tests="2" name="OpenCart Tests" time="50.581" errors="0" timestamp="2023-01-26T14:10:55 IST">
  <testcase classname="testCases.TC__001__Registration" name="Test__Registration" time="17.508">
    <failure type="java.lang.AssertionError" message="expected [true] but found [false]">
      <![CDATA[java.lang.AssertionError: expected [true] but found [false]
at testCases.TC__001__Registration.Test__Registration(TC__001__Registration.java:34)
at java.base/java.util.ArrayList.forEach(ArrayList.java:1511)
... Removed 31 stack frames]]>
    </failure>
  </testcase> <!-- Test__Registration -->
  <testcase classname="testCases.TC__002__Login" name="Test__Login" time="9.117"/>
</testsuite> <!-- OpenCart Tests -->
