17:11:18.649 [main] ERROR org.apache.poi.openxml4j.opc.PackageRelationshipCollection - Cannot convert mailto:*&$##@ in a valid relationship URI-> dummy-URI used
java.net.URISyntaxException: Illegal character in fragment at index 11: mailto:*&$##@
	at java.net.URI$Parser.fail(URI.java:2974) ~[?:?]
	at java.net.URI$Parser.checkChars(URI.java:3145) ~[?:?]
	at java.net.URI$Parser.parse(URI.java:3189) ~[?:?]
	at java.net.URI.<init>(URI.java:623) ~[?:?]
	at org.apache.poi.openxml4j.opc.PackagingURIHelper.toURI(PackagingURIHelper.java:723) ~[poi-ooxml-5.2.3.jar:5.2.3]
	at org.apache.poi.openxml4j.opc.PackageRelationshipCollection.parseRelationshipsPart(PackageRelationshipCollection.java:358) ~[poi-ooxml-5.2.3.jar:5.2.3]
	at org.apache.poi.openxml4j.opc.PackageRelationshipCollection.<init>(PackageRelationshipCollection.java:160) ~[poi-ooxml-5.2.3.jar:5.2.3]
	at org.apache.poi.openxml4j.opc.PackageRelationshipCollection.<init>(PackageRelationshipCollection.java:130) ~[poi-ooxml-5.2.3.jar:5.2.3]
	at org.apache.poi.openxml4j.opc.PackagePart.loadRelationships(PackagePart.java:565) ~[poi-ooxml-5.2.3.jar:5.2.3]
	at org.apache.poi.openxml4j.opc.OPCPackage.getParts(OPCPackage.java:751) ~[poi-ooxml-5.2.3.jar:5.2.3]
	at org.apache.poi.openxml4j.opc.OPCPackage.open(OPCPackage.java:322) ~[poi-ooxml-5.2.3.jar:5.2.3]
	at org.apache.poi.ooxml.util.PackageHelper.open(PackageHelper.java:59) ~[poi-ooxml-5.2.3.jar:5.2.3]
	at org.apache.poi.xssf.usermodel.XSSFWorkbook.<init>(XSSFWorkbook.java:290) ~[poi-ooxml-5.2.3.jar:5.2.3]
	at org.apache.poi.xssf.usermodel.XSSFWorkbook.<init>(XSSFWorkbook.java:286) ~[poi-ooxml-5.2.3.jar:5.2.3]
	at utilities.XLUtils.getCellData(XLUtils.java:54) ~[test-classes/:?]
	at testCases.TC__003__LoginDDT.get_LoginData(TC__003__LoginDDT.java:76) ~[test-classes/:?]
	at jdk.internal.reflect.NativeMethodAccessorImpl.invoke0(Native Method) ~[?:?]
	at jdk.internal.reflect.NativeMethodAccessorImpl.invoke(NativeMethodAccessorImpl.java:77) ~[?:?]
	at jdk.internal.reflect.DelegatingMethodAccessorImpl.invoke(DelegatingMethodAccessorImpl.java:43) ~[?:?]
	at java.lang.reflect.Method.invoke(Method.java:568) ~[?:?]
	at org.testng.internal.invokers.MethodInvocationHelper.invokeMethod(MethodInvocationHelper.java:139) ~[testng-7.6.1.jar:7.6.1]
	at org.testng.internal.invokers.MethodInvocationHelper.invokeMethod(MethodInvocationHelper.java:84) ~[testng-7.6.1.jar:7.6.1]
	at org.testng.internal.invokers.MethodInvocationHelper.invokeMethodNoCheckedException(MethodInvocationHelper.java:53) ~[testng-7.6.1.jar:7.6.1]
	at org.testng.internal.invokers.MethodInvocationHelper.invokeDataProvider(MethodInvocationHelper.java:157) ~[testng-7.6.1.jar:7.6.1]
	at org.testng.internal.Parameters.handleParameters(Parameters.java:791) ~[testng-7.6.1.jar:7.6.1]
	at org.testng.internal.Parameters.handleParameters(Parameters.java:728) ~[testng-7.6.1.jar:7.6.1]
	at org.testng.internal.invokers.ParameterHandler.handleParameters(ParameterHandler.java:72) ~[testng-7.6.1.jar:7.6.1]
	at org.testng.internal.invokers.ParameterHandler.createParameters(ParameterHandler.java:51) ~[testng-7.6.1.jar:7.6.1]
	at org.testng.internal.invokers.TestInvoker$MethodInvocationAgent.invoke(TestInvoker.java:917) ~[testng-7.6.1.jar:7.6.1]
	at org.testng.internal.invokers.TestInvoker.invokeTestMethods(TestInvoker.java:194) ~[testng-7.6.1.jar:7.6.1]
	at org.testng.internal.invokers.TestMethodWorker.invokeTestMethods(TestMethodWorker.java:148) ~[testng-7.6.1.jar:7.6.1]
	at org.testng.internal.invokers.TestMethodWorker.run(TestMethodWorker.java:128) ~[testng-7.6.1.jar:7.6.1]
	at java.util.ArrayList.forEach(ArrayList.java:1511) ~[?:?]
	at org.testng.TestRunner.privateRun(TestRunner.java:806) ~[testng-7.6.1.jar:7.6.1]
	at org.testng.TestRunner.run(TestRunner.java:601) ~[testng-7.6.1.jar:7.6.1]
	at org.testng.SuiteRunner.runTest(SuiteRunner.java:433) ~[testng-7.6.1.jar:7.6.1]
	at org.testng.SuiteRunner.runSequentially(SuiteRunner.java:427) ~[testng-7.6.1.jar:7.6.1]
	at org.testng.SuiteRunner.privateRun(SuiteRunner.java:387) ~[testng-7.6.1.jar:7.6.1]
	at org.testng.SuiteRunner.run(SuiteRunner.java:330) ~[testng-7.6.1.jar:7.6.1]
	at org.testng.SuiteRunnerWorker.runSuite(SuiteRunnerWorker.java:52) ~[testng-7.6.1.jar:7.6.1]
	at org.testng.SuiteRunnerWorker.run(SuiteRunnerWorker.java:95) ~[testng-7.6.1.jar:7.6.1]
	at org.testng.TestNG.runSuitesSequentially(TestNG.java:1256) ~[testng-7.6.1.jar:7.6.1]
	at org.testng.TestNG.runSuitesLocally(TestNG.java:1176) ~[testng-7.6.1.jar:7.6.1]
	at org.testng.TestNG.runSuites(TestNG.java:1099) ~[testng-7.6.1.jar:7.6.1]
	at org.testng.TestNG.run(TestNG.java:1067) ~[testng-7.6.1.jar:7.6.1]
	at org.testng.remote.AbstractRemoteTestNG.run(AbstractRemoteTestNG.java:115) ~[testng-remote.jar:?]
	at org.testng.remote.RemoteTestNG.initAndRun(RemoteTestNG.java:251) ~[testng-remote.jar:?]
	at org.testng.remote.RemoteTestNG.main(RemoteTestNG.java:77) ~[testng-remote.jar:?]
17:11:18.704 [main] ERROR org.apache.poi.openxml4j.opc.PackageRelationshipCollection - Cannot convert mailto:*&$##@ in a valid relationship URI-> dummy-URI used
java.net.URISyntaxException: Illegal character in fragment at index 11: mailto:*&$##@
	at java.net.URI$Parser.fail(URI.java:2974) ~[?:?]
	at java.net.URI$Parser.checkChars(URI.java:3145) ~[?:?]
	at java.net.URI$Parser.parse(URI.java:3189) ~[?:?]
	at java.net.URI.<init>(URI.java:623) ~[?:?]
	at org.apache.poi.openxml4j.opc.PackagingURIHelper.toURI(PackagingURIHelper.java:723) ~[poi-ooxml-5.2.3.jar:5.2.3]
	at org.apache.poi.openxml4j.opc.PackageRelationshipCollection.parseRelationshipsPart(PackageRelationshipCollection.java:358) ~[poi-ooxml-5.2.3.jar:5.2.3]
	at org.apache.poi.openxml4j.opc.PackageRelationshipCollection.<init>(PackageRelationshipCollection.java:160) ~[poi-ooxml-5.2.3.jar:5.2.3]
	at org.apache.poi.openxml4j.opc.PackageRelationshipCollection.<init>(PackageRelationshipCollection.java:130) ~[poi-ooxml-5.2.3.jar:5.2.3]
	at org.apache.poi.openxml4j.opc.PackagePart.loadRelationships(PackagePart.java:565) ~[poi-ooxml-5.2.3.jar:5.2.3]
	at org.apache.poi.openxml4j.opc.OPCPackage.getParts(OPCPackage.java:751) ~[poi-ooxml-5.2.3.jar:5.2.3]
	at org.apache.poi.openxml4j.opc.OPCPackage.open(OPCPackage.java:322) ~[poi-ooxml-5.2.3.jar:5.2.3]
	at org.apache.poi.ooxml.util.PackageHelper.open(PackageHelper.java:59) ~[poi-ooxml-5.2.3.jar:5.2.3]
	at org.apache.poi.xssf.usermodel.XSSFWorkbook.<init>(XSSFWorkbook.java:290) ~[poi-ooxml-5.2.3.jar:5.2.3]
	at org.apache.poi.xssf.usermodel.XSSFWorkbook.<init>(XSSFWorkbook.java:286) ~[poi-ooxml-5.2.3.jar:5.2.3]
	at utilities.XLUtils.getCellData(XLUtils.java:54) ~[test-classes/:?]
	at testCases.TC__003__LoginDDT.get_LoginData(TC__003__LoginDDT.java:76) ~[test-classes/:?]
	at jdk.internal.reflect.NativeMethodAccessorImpl.invoke0(Native Method) ~[?:?]
	at jdk.internal.reflect.NativeMethodAccessorImpl.invoke(NativeMethodAccessorImpl.java:77) ~[?:?]
	at jdk.internal.reflect.DelegatingMethodAccessorImpl.invoke(DelegatingMethodAccessorImpl.java:43) ~[?:?]
	at java.lang.reflect.Method.invoke(Method.java:568) ~[?:?]
	at org.testng.internal.invokers.MethodInvocationHelper.invokeMethod(MethodInvocationHelper.java:139) ~[testng-7.6.1.jar:7.6.1]
	at org.testng.internal.invokers.MethodInvocationHelper.invokeMethod(MethodInvocationHelper.java:84) ~[testng-7.6.1.jar:7.6.1]
	at org.testng.internal.invokers.MethodInvocationHelper.invokeMethodNoCheckedException(MethodInvocationHelper.java:53) ~[testng-7.6.1.jar:7.6.1]
	at org.testng.internal.invokers.MethodInvocationHelper.invokeDataProvider(MethodInvocationHelper.java:157) ~[testng-7.6.1.jar:7.6.1]
	at org.testng.internal.Parameters.handleParameters(Parameters.java:791) ~[testng-7.6.1.jar:7.6.1]
	at org.testng.internal.Parameters.handleParameters(Parameters.java:728) ~[testng-7.6.1.jar:7.6.1]
	at org.testng.internal.invokers.ParameterHandler.handleParameters(ParameterHandler.java:72) ~[testng-7.6.1.jar:7.6.1]
	at org.testng.internal.invokers.ParameterHandler.createParameters(ParameterHandler.java:51) ~[testng-7.6.1.jar:7.6.1]
	at org.testng.internal.invokers.TestInvoker$MethodInvocationAgent.invoke(TestInvoker.java:917) ~[testng-7.6.1.jar:7.6.1]
	at org.testng.internal.invokers.TestInvoker.invokeTestMethods(TestInvoker.java:194) ~[testng-7.6.1.jar:7.6.1]
	at org.testng.internal.invokers.TestMethodWorker.invokeTestMethods(TestMethodWorker.java:148) ~[testng-7.6.1.jar:7.6.1]
	at org.testng.internal.invokers.TestMethodWorker.run(TestMethodWorker.java:128) ~[testng-7.6.1.jar:7.6.1]
	at java.util.ArrayList.forEach(ArrayList.java:1511) ~[?:?]
	at org.testng.TestRunner.privateRun(TestRunner.java:806) ~[testng-7.6.1.jar:7.6.1]
	at org.testng.TestRunner.run(TestRunner.java:601) ~[testng-7.6.1.jar:7.6.1]
	at org.testng.SuiteRunner.runTest(SuiteRunner.java:433) ~[testng-7.6.1.jar:7.6.1]
	at org.testng.SuiteRunner.runSequentially(SuiteRunner.java:427) ~[testng-7.6.1.jar:7.6.1]
	at org.testng.SuiteRunner.privateRun(SuiteRunner.java:387) ~[testng-7.6.1.jar:7.6.1]
	at org.testng.SuiteRunner.run(SuiteRunner.java:330) ~[testng-7.6.1.jar:7.6.1]
	at org.testng.SuiteRunnerWorker.runSuite(SuiteRunnerWorker.java:52) ~[testng-7.6.1.jar:7.6.1]
	at org.testng.SuiteRunnerWorker.run(SuiteRunnerWorker.java:95) ~[testng-7.6.1.jar:7.6.1]
	at org.testng.TestNG.runSuitesSequentially(TestNG.java:1256) ~[testng-7.6.1.jar:7.6.1]
	at org.testng.TestNG.runSuitesLocally(TestNG.java:1176) ~[testng-7.6.1.jar:7.6.1]
	at org.testng.TestNG.runSuites(TestNG.java:1099) ~[testng-7.6.1.jar:7.6.1]
	at org.testng.TestNG.run(TestNG.java:1067) ~[testng-7.6.1.jar:7.6.1]
	at org.testng.remote.AbstractRemoteTestNG.run(AbstractRemoteTestNG.java:115) ~[testng-remote.jar:?]
	at org.testng.remote.RemoteTestNG.initAndRun(RemoteTestNG.java:251) ~[testng-remote.jar:?]
	at org.testng.remote.RemoteTestNG.main(RemoteTestNG.java:77) ~[testng-remote.jar:?]
17:11:18.706 [main] ERROR org.apache.poi.openxml4j.opc.PackageRelationshipCollection - Cannot convert mailto:*&$##@ in a valid relationship URI-> dummy-URI used
java.net.URISyntaxException: Illegal character in fragment at index 11: mailto:*&$##@
	at java.net.URI$Parser.fail(URI.java:2974) ~[?:?]
	at java.net.URI$Parser.checkChars(URI.java:3145) ~[?:?]
	at java.net.URI$Parser.parse(URI.java:3189) ~[?:?]
	at java.net.URI.<init>(URI.java:623) ~[?:?]
	at org.apache.poi.openxml4j.opc.PackagingURIHelper.toURI(PackagingURIHelper.java:723) ~[poi-ooxml-5.2.3.jar:5.2.3]
	at org.apache.poi.openxml4j.opc.PackageRelationshipCollection.parseRelationshipsPart(PackageRelationshipCollection.java:358) ~[poi-ooxml-5.2.3.jar:5.2.3]
	at org.apache.poi.openxml4j.opc.PackageRelationshipCollection.<init>(PackageRelationshipCollection.java:160) ~[poi-ooxml-5.2.3.jar:5.2.3]
	at org.apache.poi.openxml4j.opc.PackageRelationshipCollection.<init>(PackageRelationshipCollection.java:130) ~[poi-ooxml-5.2.3.jar:5.2.3]
	at org.apache.poi.openxml4j.opc.PackagePart.loadRelationships(PackagePart.java:565) ~[poi-ooxml-5.2.3.jar:5.2.3]
	at org.apache.poi.openxml4j.opc.OPCPackage.getParts(OPCPackage.java:751) ~[poi-ooxml-5.2.3.jar:5.2.3]
	at org.apache.poi.openxml4j.opc.OPCPackage.open(OPCPackage.java:322) ~[poi-ooxml-5.2.3.jar:5.2.3]
	at org.apache.poi.ooxml.util.PackageHelper.open(PackageHelper.java:59) ~[poi-ooxml-5.2.3.jar:5.2.3]
	at org.apache.poi.xssf.usermodel.XSSFWorkbook.<init>(XSSFWorkbook.java:290) ~[poi-ooxml-5.2.3.jar:5.2.3]
	at org.apache.poi.xssf.usermodel.XSSFWorkbook.<init>(XSSFWorkbook.java:286) ~[poi-ooxml-5.2.3.jar:5.2.3]
	at utilities.XLUtils.getCellData(XLUtils.java:54) ~[test-classes/:?]
	at testCases.TC__003__LoginDDT.get_LoginData(TC__003__LoginDDT.java:76) ~[test-classes/:?]
	at jdk.internal.reflect.NativeMethodAccessorImpl.invoke0(Native Method) ~[?:?]
	at jdk.internal.reflect.NativeMethodAccessorImpl.invoke(NativeMethodAccessorImpl.java:77) ~[?:?]
	at jdk.internal.reflect.DelegatingMethodAccessorImpl.invoke(DelegatingMethodAccessorImpl.java:43) ~[?:?]
	at java.lang.reflect.Method.invoke(Method.java:568) ~[?:?]
	at org.testng.internal.invokers.MethodInvocationHelper.invokeMethod(MethodInvocationHelper.java:139) ~[testng-7.6.1.jar:7.6.1]
	at org.testng.internal.invokers.MethodInvocationHelper.invokeMethod(MethodInvocationHelper.java:84) ~[testng-7.6.1.jar:7.6.1]
	at org.testng.internal.invokers.MethodInvocationHelper.invokeMethodNoCheckedException(MethodInvocationHelper.java:53) ~[testng-7.6.1.jar:7.6.1]
	at org.testng.internal.invokers.MethodInvocationHelper.invokeDataProvider(MethodInvocationHelper.java:157) ~[testng-7.6.1.jar:7.6.1]
	at org.testng.internal.Parameters.handleParameters(Parameters.java:791) ~[testng-7.6.1.jar:7.6.1]
	at org.testng.internal.Parameters.handleParameters(Parameters.java:728) ~[testng-7.6.1.jar:7.6.1]
	at org.testng.internal.invokers.ParameterHandler.handleParameters(ParameterHandler.java:72) ~[testng-7.6.1.jar:7.6.1]
	at org.testng.internal.invokers.ParameterHandler.createParameters(ParameterHandler.java:51) ~[testng-7.6.1.jar:7.6.1]
	at org.testng.internal.invokers.TestInvoker$MethodInvocationAgent.invoke(TestInvoker.java:917) ~[testng-7.6.1.jar:7.6.1]
	at org.testng.internal.invokers.TestInvoker.invokeTestMethods(TestInvoker.java:194) ~[testng-7.6.1.jar:7.6.1]
	at org.testng.internal.invokers.TestMethodWorker.invokeTestMethods(TestMethodWorker.java:148) ~[testng-7.6.1.jar:7.6.1]
	at org.testng.internal.invokers.TestMethodWorker.run(TestMethodWorker.java:128) ~[testng-7.6.1.jar:7.6.1]
	at java.util.ArrayList.forEach(ArrayList.java:1511) ~[?:?]
	at org.testng.TestRunner.privateRun(TestRunner.java:806) ~[testng-7.6.1.jar:7.6.1]
	at org.testng.TestRunner.run(TestRunner.java:601) ~[testng-7.6.1.jar:7.6.1]
	at org.testng.SuiteRunner.runTest(SuiteRunner.java:433) ~[testng-7.6.1.jar:7.6.1]
	at org.testng.SuiteRunner.runSequentially(SuiteRunner.java:427) ~[testng-7.6.1.jar:7.6.1]
	at org.testng.SuiteRunner.privateRun(SuiteRunner.java:387) ~[testng-7.6.1.jar:7.6.1]
	at org.testng.SuiteRunner.run(SuiteRunner.java:330) ~[testng-7.6.1.jar:7.6.1]
	at org.testng.SuiteRunnerWorker.runSuite(SuiteRunnerWorker.java:52) ~[testng-7.6.1.jar:7.6.1]
	at org.testng.SuiteRunnerWorker.run(SuiteRunnerWorker.java:95) ~[testng-7.6.1.jar:7.6.1]
	at org.testng.TestNG.runSuitesSequentially(TestNG.java:1256) ~[testng-7.6.1.jar:7.6.1]
	at org.testng.TestNG.runSuitesLocally(TestNG.java:1176) ~[testng-7.6.1.jar:7.6.1]
	at org.testng.TestNG.runSuites(TestNG.java:1099) ~[testng-7.6.1.jar:7.6.1]
	at org.testng.TestNG.run(TestNG.java:1067) ~[testng-7.6.1.jar:7.6.1]
	at org.testng.remote.AbstractRemoteTestNG.run(AbstractRemoteTestNG.java:115) ~[testng-remote.jar:?]
	at org.testng.remote.RemoteTestNG.initAndRun(RemoteTestNG.java:251) ~[testng-remote.jar:?]
	at org.testng.remote.RemoteTestNG.main(RemoteTestNG.java:77) ~[testng-remote.jar:?]
12:41:42.615 [main] INFO  testCases.TC__002__Login - ## TestCase is   Started ##
12:41:42.618 [main] INFO  testCases.TC__002__Login - Failed testcase
12:43:49.439 [main] INFO  testCases.TC__002__Login - ## TestCase is   Started ##
12:43:49.442 [main] INFO  testCases.TC__002__Login - Failed testcase
12:44:28.064 [main] INFO  testCases.TC__002__Login - ## TestCase is   Started ##
12:44:28.069 [main] INFO  testCases.TC__002__Login - Failed testcase
12:45:33.137 [main] INFO  testCases.TC__002__Login - ## TestCase is   Started ##
12:45:34.131 [main] INFO  testCases.TC__002__Login - Clicked on login
12:45:34.188 [main] INFO  testCases.TC__002__Login - Username is entered
12:45:34.239 [main] INFO  testCases.TC__002__Login - password is entered
12:45:36.296 [main] INFO  testCases.TC__002__Login - Button is clicked
12:45:41.321 [main] INFO  testCases.TC__002__Login - Captured sucess message
12:45:41.327 [main] INFO  testCases.TC__002__Login - Failed testcase
14:03:02.391 [main] INFO  testCases.TC__002__Login - ## TestCase is   Started ##
14:03:03.660 [main] INFO  testCases.TC__002__Login - Clicked on login
14:03:03.729 [main] INFO  testCases.TC__002__Login - Username is entered
14:03:03.780 [main] INFO  testCases.TC__002__Login - password is entered
14:03:05.780 [main] INFO  testCases.TC__002__Login - Button is clicked
14:03:10.861 [main] INFO  testCases.TC__002__Login - NOT Captured sucess message
14:04:34.731 [main] INFO  testCases.TC__002__Login - ## TestCase is   Started ##
14:04:35.833 [main] INFO  testCases.TC__002__Login - Clicked on login
14:04:35.892 [main] INFO  testCases.TC__002__Login - Username is entered
14:04:35.923 [main] INFO  testCases.TC__002__Login - password is entered
14:04:37.939 [main] INFO  testCases.TC__002__Login - Button is clicked
14:04:42.988 [main] INFO  testCases.TC__002__Login - NOT Captured sucess message
14:10:45.482 [main] INFO  testCases.TC__002__Login - ## TestCase is   Started ##
14:10:46.567 [main] INFO  testCases.TC__002__Login - Clicked on login
14:10:46.610 [main] INFO  testCases.TC__002__Login - Username is entered
14:10:46.649 [main] INFO  testCases.TC__002__Login - password is entered
14:10:48.878 [main] INFO  testCases.TC__002__Login - Button is clicked
14:10:53.934 [main] INFO  testCases.TC__002__Login - Captured sucess message
14:10:54.589 [main] INFO  testCases.TC__002__Login - Clicked on logout
14:10:54.589 [main] INFO  testCases.TC__002__Login - ***  TestCase is   Executed  ***
15:31:11.457 [main] INFO  testCases.TC__002__Login - ## TestCase is   Started ##
15:31:12.599 [main] INFO  testCases.TC__002__Login - Clicked on login
15:31:12.741 [main] INFO  testCases.TC__002__Login - Username is entered
15:31:12.876 [main] INFO  testCases.TC__002__Login - password is entered
15:31:16.217 [main] INFO  testCases.TC__002__Login - Button is clicked
15:31:21.328 [main] INFO  testCases.TC__002__Login - Captured sucess message
15:31:22.224 [main] INFO  testCases.TC__002__Login - Clicked on logout
15:31:22.224 [main] INFO  testCases.TC__002__Login - ***  TestCase is   Executed  ***
17:09:36.514 [main] INFO  testCases.TC__002__Login - ## TestCase is   Started ##
17:09:37.435 [main] INFO  testCases.TC__002__Login - Clicked on login
17:09:37.487 [main] INFO  testCases.TC__002__Login - Username is entered
17:09:37.532 [main] INFO  testCases.TC__002__Login - password is entered
17:09:44.310 [main] INFO  testCases.TC__002__Login - Button is clicked
17:09:49.394 [main] INFO  testCases.TC__002__Login - Captured sucess message
17:09:50.056 [main] INFO  testCases.TC__002__Login - Clicked on logout
17:09:50.056 [main] INFO  testCases.TC__002__Login - ***  TestCase is   Executed  ***
17:12:15.930 [main] INFO  testCases.TC__002__Login - ## TestCase is   Started ##
17:12:16.799 [main] INFO  testCases.TC__002__Login - Clicked on login
17:12:16.850 [main] INFO  testCases.TC__002__Login - Username is entered
17:12:16.895 [main] INFO  testCases.TC__002__Login - password is entered
17:12:26.188 [main] INFO  testCases.TC__002__Login - Button is clicked
17:12:31.257 [main] INFO  testCases.TC__002__Login - Captured sucess message
17:12:31.947 [main] INFO  testCases.TC__002__Login - Clicked on logout
17:12:31.948 [main] INFO  testCases.TC__002__Login - ***  TestCase is   Executed  ***
17:14:07.950 [main] INFO  testCases.TC__002__Login - ## TestCase is   Started ##
17:14:08.832 [main] INFO  testCases.TC__002__Login - Clicked on login
17:14:08.888 [main] INFO  testCases.TC__002__Login - Username is entered
17:14:08.931 [main] INFO  testCases.TC__002__Login - password is entered
17:14:15.830 [main] INFO  testCases.TC__002__Login - Button is clicked
17:14:20.894 [main] INFO  testCases.TC__002__Login - Captured sucess message
17:14:21.648 [main] INFO  testCases.TC__002__Login - Clicked on logout
17:14:21.649 [main] INFO  testCases.TC__002__Login - ***  TestCase is   Executed  ***
